2020-11-09T22:51:28+00:00 ERROR Error getting remote inbox notification data feed
2020-11-09T22:51:28+00:00 ERROR WP_Error Object
(
    [errors] => Array
        (
            [http_request_failed] => Array
                (
                    [0] => cURL error 6: Couldn't resolve host 'woocommerce.com'
                )

        )

    [error_data] => Array
        (
        )

)

2020-11-09T22:51:28+00:00 ERROR Error getting remote inbox notification data feed
2020-11-09T22:51:28+00:00 ERROR WP_Error Object
(
    [errors] => Array
        (
            [http_request_failed] => Array
                (
                    [0] => cURL error 6: Couldn't resolve host 'woocommerce.com'
                )

        )

    [error_data] => Array
        (
        )

)

2020-11-09T22:51:43+00:00 ERROR Error getting remote inbox notification data feed
2020-11-09T22:51:43+00:00 ERROR WP_Error Object
(
    [errors] => Array
        (
            [http_request_failed] => Array
                (
                    [0] => cURL error 6: Couldn't resolve host 'woocommerce.com'
                )

        )

    [error_data] => Array
        (
        )

)

2020-11-09T22:51:43+00:00 ERROR Error getting remote inbox notification data feed
2020-11-09T22:51:43+00:00 ERROR WP_Error Object
(
    [errors] => Array
        (
            [http_request_failed] => Array
                (
                    [0] => cURL error 6: Couldn't resolve host 'woocommerce.com'
                )

        )

    [error_data] => Array
        (
        )

)

