2020-11-08T21:08:59+00:00 ERROR Error getting remote inbox notification data feed
2020-11-08T21:08:59+00:00 ERROR WP_Error Object
(
    [errors] => Array
        (
            [http_request_failed] => Array
                (
                    [0] => cURL error 6: Couldn't resolve host 'woocommerce.com'
                )

        )

    [error_data] => Array
        (
        )

)

2020-11-08T21:09:03+00:00 ERROR Error getting remote inbox notification data feed
2020-11-08T21:09:03+00:00 ERROR WP_Error Object
(
    [errors] => Array
        (
            [http_request_failed] => Array
                (
                    [0] => cURL error 6: Couldn't resolve host 'woocommerce.com'
                )

        )

    [error_data] => Array
        (
        )

)

2020-11-08T21:09:09+00:00 ERROR Error getting remote inbox notification data feed
2020-11-08T21:09:09+00:00 ERROR WP_Error Object
(
    [errors] => Array
        (
            [http_request_failed] => Array
                (
                    [0] => cURL error 6: Couldn't resolve host 'woocommerce.com'
                )

        )

    [error_data] => Array
        (
        )

)

2020-11-08T21:09:12+00:00 ERROR Error getting remote inbox notification data feed
2020-11-08T21:09:12+00:00 ERROR WP_Error Object
(
    [errors] => Array
        (
            [http_request_failed] => Array
                (
                    [0] => cURL error 6: Couldn't resolve host 'woocommerce.com'
                )

        )

    [error_data] => Array
        (
        )

)

2020-11-08T21:09:14+00:00 ERROR Error getting remote inbox notification data feed
2020-11-08T21:09:14+00:00 ERROR WP_Error Object
(
    [errors] => Array
        (
            [http_request_failed] => Array
                (
                    [0] => cURL error 6: Couldn't resolve host 'woocommerce.com'
                )

        )

    [error_data] => Array
        (
        )

)

2020-11-08T21:09:17+00:00 ERROR Error getting remote inbox notification data feed
2020-11-08T21:09:17+00:00 ERROR WP_Error Object
(
    [errors] => Array
        (
            [http_request_failed] => Array
                (
                    [0] => cURL error 6: Couldn't resolve host 'woocommerce.com'
                )

        )

    [error_data] => Array
        (
        )

)

2020-11-08T21:09:23+00:00 ERROR Error getting remote inbox notification data feed
2020-11-08T21:09:23+00:00 ERROR WP_Error Object
(
    [errors] => Array
        (
            [http_request_failed] => Array
                (
                    [0] => cURL error 6: Couldn't resolve host 'woocommerce.com'
                )

        )

    [error_data] => Array
        (
        )

)

2020-11-08T21:09:26+00:00 ERROR Error getting remote inbox notification data feed
2020-11-08T21:09:26+00:00 ERROR WP_Error Object
(
    [errors] => Array
        (
            [http_request_failed] => Array
                (
                    [0] => cURL error 6: Couldn't resolve host 'woocommerce.com'
                )

        )

    [error_data] => Array
        (
        )

)

2020-11-08T21:09:32+00:00 ERROR Error getting remote inbox notification data feed
2020-11-08T21:09:32+00:00 ERROR WP_Error Object
(
    [errors] => Array
        (
            [http_request_failed] => Array
                (
                    [0] => cURL error 6: Couldn't resolve host 'woocommerce.com'
                )

        )

    [error_data] => Array
        (
        )

)

2020-11-08T21:09:34+00:00 ERROR Error getting remote inbox notification data feed
2020-11-08T21:09:34+00:00 ERROR WP_Error Object
(
    [errors] => Array
        (
            [http_request_failed] => Array
                (
                    [0] => cURL error 6: Couldn't resolve host 'woocommerce.com'
                )

        )

    [error_data] => Array
        (
        )

)

2020-11-08T21:09:38+00:00 ERROR Error getting remote inbox notification data feed
2020-11-08T21:09:38+00:00 ERROR WP_Error Object
(
    [errors] => Array
        (
            [http_request_failed] => Array
                (
                    [0] => cURL error 6: Couldn't resolve host 'woocommerce.com'
                )

        )

    [error_data] => Array
        (
        )

)

2020-11-08T21:09:41+00:00 ERROR Error getting remote inbox notification data feed
2020-11-08T21:09:41+00:00 ERROR WP_Error Object
(
    [errors] => Array
        (
            [http_request_failed] => Array
                (
                    [0] => cURL error 6: Couldn't resolve host 'woocommerce.com'
                )

        )

    [error_data] => Array
        (
        )

)

2020-11-08T21:09:44+00:00 ERROR Error getting remote inbox notification data feed
2020-11-08T21:09:44+00:00 ERROR WP_Error Object
(
    [errors] => Array
        (
            [http_request_failed] => Array
                (
                    [0] => cURL error 6: Couldn't resolve host 'woocommerce.com'
                )

        )

    [error_data] => Array
        (
        )

)

2020-11-08T21:09:58+00:00 ERROR Error getting remote inbox notification data feed
2020-11-08T21:09:58+00:00 ERROR WP_Error Object
(
    [errors] => Array
        (
            [http_request_failed] => Array
                (
                    [0] => cURL error 6: Couldn't resolve host 'woocommerce.com'
                )

        )

    [error_data] => Array
        (
        )

)

2020-11-08T21:10:01+00:00 ERROR Error getting remote inbox notification data feed
2020-11-08T21:10:01+00:00 ERROR WP_Error Object
(
    [errors] => Array
        (
            [http_request_failed] => Array
                (
                    [0] => cURL error 6: Couldn't resolve host 'woocommerce.com'
                )

        )

    [error_data] => Array
        (
        )

)

2020-11-08T21:10:03+00:00 ERROR Error getting remote inbox notification data feed
2020-11-08T21:10:03+00:00 ERROR WP_Error Object
(
    [errors] => Array
        (
            [http_request_failed] => Array
                (
                    [0] => cURL error 6: Couldn't resolve host 'woocommerce.com'
                )

        )

    [error_data] => Array
        (
        )

)

2020-11-08T21:10:05+00:00 ERROR Error getting remote inbox notification data feed
2020-11-08T21:10:05+00:00 ERROR WP_Error Object
(
    [errors] => Array
        (
            [http_request_failed] => Array
                (
                    [0] => cURL error 6: Couldn't resolve host 'woocommerce.com'
                )

        )

    [error_data] => Array
        (
        )

)

2020-11-08T21:10:08+00:00 ERROR Error getting remote inbox notification data feed
2020-11-08T21:10:08+00:00 ERROR WP_Error Object
(
    [errors] => Array
        (
            [http_request_failed] => Array
                (
                    [0] => cURL error 6: Couldn't resolve host 'woocommerce.com'
                )

        )

    [error_data] => Array
        (
        )

)

2020-11-08T21:10:10+00:00 ERROR Error getting remote inbox notification data feed
2020-11-08T21:10:10+00:00 ERROR WP_Error Object
(
    [errors] => Array
        (
            [http_request_failed] => Array
                (
                    [0] => cURL error 6: Couldn't resolve host 'woocommerce.com'
                )

        )

    [error_data] => Array
        (
        )

)

